{
  "RSpec": {
    "coverage": {
      "/Users/kdragom/challenges/test-all-the-methods/code.rb": [
        1,
        2,
        1,
        null,
        1,
        null,
        null,
        null,
        1,
        1,
        1,
        3,
        null,
        null,
        1,
        null,
        null,
        1,
        1,
        1,
        3,
        null,
        1,
        null,
        null,
        null,
        1,
        4,
        1,
        3,
        1,
        2,
        1,
        null,
        1,
        null,
        null,
        null,
        1,
        2,
        2,
        10,
        2,
        null,
        8,
        null,
        null,
        2,
        null,
        null,
        null,
        1,
        1,
        null,
        null,
        null,
        1,
        3,
        1,
        null,
        null,
        2,
        2,
        8,
        7,
        null,
        1,
        null
      ]
    },
    "timestamp": 1513477416
  }
}
